>>> make cleanup-pycache
  ● Removing Python cache files..
    DONE
  ● Remove package cache files..
    DONE
>>> make cleanup-pytest
  ● Removing pytest cache files..
    DONE
>>> make cleanup-coveragepy
  ● Removing coveragepy cache files..
    DONE
>>> make cleanup-mypy
  ● Removing mypy cache files..
    DONE
>>> make pytest
  ● Executing pytest in enhomie..
============================= test session starts ==============================
platform linux -- Python 3.12.7, pytest-8.3.3, pluggy-1.5.0 -- /home/runner/work/enhomie/enhomie/main/.venv-package/bin/python3
cachedir: .pytest_cache
Using --randomly-seed=4288834564
rootdir: /home/runner/work/enhomie/enhomie/main
configfile: pyproject.toml
plugins: randomly-3.16.0, anyio-4.6.2.post1, respx-0.21.1, mypy-0.10.3, cov-6.0.0, sphinx-0.6.3, clarity-1.0.1, xdist-3.6.1
created: 4/4 workers
4 workers [318 items]

scheduling tests via LoadScheduling

enhomie/execution/dumped.py::mypy 
enhomie/builtins/test/test_period.py::test_DriverBltnPeriod 
enhomie/homie/addons/test/test_aspired.py::mypy 
enhomie/homie/childs/test/test_aspire.py::mypy 
[gw0] [  0%] FAILED enhomie/builtins/test/test_period.py::test_DriverBltnPeriod 
enhomie/builtins/test/test_period.py::test_DriverBltnPeriod_cover 
[gw0] [  0%] FAILED enhomie/builtins/test/test_period.py::test_DriverBltnPeriod_cover 
enhomie/__init__.py::mypy-status 
[gw1] [  0%] PASSED enhomie/execution/dumped.py::mypy 
enhomie/execution/backup.py::mypy 
[gw2] [  1%] PASSED enhomie/homie/addons/test/test_aspired.py::mypy 
[gw3] [  1%] PASSED enhomie/homie/childs/test/test_aspire.py::mypy 
[gw1] [  1%] PASSED enhomie/execution/backup.py::mypy 
enhomie/homie/addons/desired.py::mypy 
enhomie/homie/childs/group.py::mypy 
enhomie/conftest.py::mypy 
[gw2] [  2%] PASSED enhomie/homie/addons/desired.py::mypy 
[gw0] [  2%] PASSED enhomie/__init__.py::mypy-status 
[gw1] [  2%] PASSED enhomie/conftest.py::mypy 
enhomie/builtins/__init__.py::mypy 
enhomie/homie/__init__.py::mypy 
enhomie/execution/test/test_action.py::mypy 
[gw2] [  3%] PASSED enhomie/homie/__init__.py::mypy 
[gw1] [  3%] PASSED enhomie/execution/test/test_action.py::mypy 
enhomie/homie/addons/logger.py::mypy 
enhomie/execution/crypts.py::mypy 
[gw2] [  3%] PASSED enhomie/homie/addons/logger.py::mypy 
[gw1] [  4%] PASSED enhomie/execution/crypts.py::mypy 
enhomie/homie/addons/queue.py::mypy 
enhomie/execution/test/__init__.py::mypy 
[gw2] [  4%] PASSED enhomie/homie/addons/queue.py::mypy 
enhomie/homie/addons/aspired.py::mypy 
[gw1] [  4%] PASSED enhomie/execution/test/__init__.py::mypy 
enhomie/execution/desired.py::mypy 
[gw2] [  5%] PASSED enhomie/homie/addons/aspired.py::mypy 
[gw1] [  5%] PASSED enhomie/execution/desired.py::mypy 
enhomie/homie/addons/test/__init__.py::mypy 
enhomie/execution/__init__.py::mypy 
[gw2] [  5%] PASSED enhomie/homie/addons/test/__init__.py::mypy 
[gw1] [  5%] PASSED enhomie/execution/__init__.py::mypy 
enhomie/homie/addons/__init__.py::mypy 
enhomie/execution/persist.py::mypy 
[gw2] [  6%] PASSED enhomie/homie/addons/__init__.py::mypy 
[gw1] [  6%] PASSED enhomie/execution/persist.py::mypy 
enhomie/execution/action.py::mypy 
enhomie/homie/addons/test/test_desired.py::mypy 
[gw1] [  6%] PASSED enhomie/execution/action.py::mypy 
[gw2] [  7%] PASSED enhomie/homie/addons/test/test_desired.py::mypy 
enhomie/execution/service.py::mypy 
[gw1] [  7%] PASSED enhomie/execution/service.py::mypy 
enhomie/homie/addons/test/test_logger.py::mypy 
enhomie/execution/test/test_backup.py::mypy 
[gw2] [  7%] PASSED enhomie/homie/addons/test/test_logger.py::mypy 
[gw1] [  8%] PASSED enhomie/execution/test/test_backup.py::mypy 
enhomie/homie/addons/test/test_persist.py::mypy 
enhomie/execution/test/test_config.py::mypy 
[gw2] [  8%] PASSED enhomie/homie/addons/test/test_persist.py::mypy 
[gw1] [  8%] PASSED enhomie/execution/test/test_config.py::mypy 
enhomie/homie/addons/test/test_queue.py::mypy 
enhomie/execution/test/test_crypts.py::mypy 
[gw2] [  9%] PASSED enhomie/homie/addons/test/test_queue.py::mypy 
[gw1] [  9%] PASSED enhomie/execution/test/test_crypts.py::mypy 
[gw3] [  9%] PASSED enhomie/homie/childs/group.py::mypy 
enhomie/execution/test/test_desired.py::mypy 
enhomie/homie/childs/child.py::mypy 
[gw2] [ 10%] PASSED enhomie/homie/childs/child.py::mypy 
enhomie/homie/childs/origin.py::mypy 
[gw3] [ 10%] PASSED enhomie/homie/childs/origin.py::mypy 
[gw1] [ 10%] PASSED enhomie/execution/test/test_desired.py::mypy 
enhomie/execution/test/test_dumped.py::mypy 
enhomie/homie/childs/scene.py::mypy 
[gw2] [ 11%] PASSED enhomie/homie/childs/scene.py::mypy 
enhomie/homie/childs/desire.py::mypy 
enhomie/homie/childs/helpers.py::mypy 
[gw1] [ 11%] PASSED enhomie/execution/test/test_dumped.py::mypy 
enhomie/execution/test/test_persist.py::mypy 
[gw3] [ 11%] PASSED enhomie/homie/childs/desire.py::mypy 
[gw2] [ 11%] PASSED enhomie/homie/childs/helpers.py::mypy 
[gw1] [ 12%] PASSED enhomie/execution/test/test_persist.py::mypy 
enhomie/homie/childs/test/__init__.py::mypy 
enhomie/homie/childs/__init__.py::mypy 
enhomie/execution/test/test_service.py::mypy 
[gw1] [ 12%] PASSED enhomie/execution/test/test_service.py::mypy 
[gw2] [ 12%] PASSED enhomie/homie/childs/test/__init__.py::mypy 
[gw3] [ 13%] PASSED enhomie/homie/childs/__init__.py::mypy 
enhomie/homie/addons/persist.py::mypy 
enhomie/homie/childs/device.py::mypy 
enhomie/homie/childs/test/test_child.py::mypy 
[gw2] [ 13%] PASSED enhomie/homie/childs/device.py::mypy 
[gw1] [ 13%] PASSED enhomie/homie/addons/persist.py::mypy 
enhomie/homie/childs/aspire.py::mypy 
[gw3] [ 14%] PASSED enhomie/homie/childs/test/test_child.py::mypy 
enhomie/homie/members/member.py::mypy 
[gw2] [ 14%] PASSED enhomie/homie/childs/aspire.py::mypy 
enhomie/homie/childs/test/test_desire.py::mypy 
[gw1] [ 14%] PASSED enhomie/homie/members/member.py::mypy 
enhomie/homie/childs/homie.py::mypy 
[gw3] [ 15%] PASSED enhomie/homie/childs/test/test_desire.py::mypy 
enhomie/homie/members/__init__.py::mypy 
[gw2] [ 15%] PASSED enhomie/homie/childs/homie.py::mypy 
enhomie/homie/childs/test/test_device.py::mypy 
enhomie/homie/plugins/plugin.py::mypy 
[gw3] [ 15%] PASSED enhomie/homie/childs/test/test_device.py::mypy 
[gw2] [ 16%] PASSED enhomie/homie/plugins/plugin.py::mypy 
enhomie/homie/childs/test/test_group.py::mypy 
enhomie/homie/plugins/occur.py::mypy 
[gw3] [ 16%] PASSED enhomie/homie/childs/test/test_group.py::mypy 
[gw2] [ 16%] PASSED enhomie/homie/plugins/occur.py::mypy 
enhomie/homie/childs/test/test_homie.py::mypy 
enhomie/homie/plugins/common.py::mypy 
[gw3] [ 16%] PASSED enhomie/homie/childs/test/test_homie.py::mypy 
[gw2] [ 17%] PASSED enhomie/homie/plugins/common.py::mypy 
enhomie/homie/childs/test/test_origin.py::mypy 
enhomie/homie/params/stage.py::mypy 
[gw3] [ 17%] PASSED enhomie/homie/childs/test/test_origin.py::mypy 
enhomie/homie/childs/test/test_scene.py::mypy 
[gw2] [ 17%] PASSED enhomie/homie/params/stage.py::mypy 
enhomie/homie/params/scene.py::mypy 
[gw3] [ 18%] PASSED enhomie/homie/childs/test/test_scene.py::mypy 
enhomie/homie/common.py::mypy 
[gw2] [ 18%] PASSED enhomie/homie/params/scene.py::mypy 
[gw3] [ 18%] PASSED enhomie/homie/common.py::mypy 
enhomie/homie/params/service.py::mypy 
enhomie/homie/members/test/__init__.py::mypy 
[gw2] [ 19%] PASSED enhomie/homie/params/service.py::mypy 
enhomie/homie/params/device.py::mypy 
[gw3] [ 19%] PASSED enhomie/homie/members/test/__init__.py::mypy 
[gw2] [ 19%] PASSED enhomie/homie/params/device.py::mypy 
enhomie/homie/members/streams.py::mypy 
enhomie/homie/params/plugin.py::mypy 
[gw3] [ 20%] PASSED enhomie/homie/members/streams.py::mypy 
[gw2] [ 20%] PASSED enhomie/homie/params/plugin.py::mypy 
[gw1] [ 20%] PASSED enhomie/homie/members/__init__.py::mypy 
enhomie/homie/homie.py::mypy 
enhomie/homie/params/homie.py::mypy 
enhomie/homie/members/test/test_member.py::mypy 
[gw3] [ 21%] PASSED enhomie/homie/homie.py::mypy 
[gw2] [ 21%] PASSED enhomie/homie/params/homie.py::mypy 
enhomie/homie/members/actions.py::mypy 
[gw1] [ 21%] PASSED enhomie/homie/members/test/test_member.py::mypy 
enhomie/homie/params/common.py::mypy 
enhomie/homie/members/test/test_streams.py::mypy 
[gw3] [ 22%] PASSED enhomie/homie/members/actions.py::mypy 
[gw2] [ 22%] PASSED enhomie/homie/params/common.py::mypy 
[gw1] [ 22%] PASSED enhomie/homie/members/test/test_streams.py::mypy 
enhomie/homie/members/test/test_actions.py::mypy 
enhomie/homie/params/__init__.py::mypy 
enhomie/homie/members/test/test_updates.py::mypy 
[gw2] [ 22%] PASSED enhomie/homie/params/__init__.py::mypy 
[gw0] [ 23%] PASSED enhomie/builtins/__init__.py::mypy 
[gw1] [ 23%] PASSED enhomie/homie/members/test/test_updates.py::mypy 
enhomie/homie/params/where.py::mypy 
enhomie/__init__.py::mypy 
enhomie/homie/plugins/test/test_driver.py::mypy 
[gw2] [ 23%] PASSED enhomie/homie/params/where.py::mypy 
[gw0] [ 24%] PASSED enhomie/__init__.py::mypy 
enhomie/homie/models.py::mypy 
[gw1] [ 24%] PASSED enhomie/homie/plugins/test/test_driver.py::mypy 
enhomie/builtins/params/regexp.py::mypy 
[gw2] [ 24%] PASSED enhomie/homie/models.py::mypy 
enhomie/homie/params/child.py::mypy 
enhomie/homie/params/aspire.py::mypy 
[gw0] [ 25%] PASSED enhomie/builtins/params/regexp.py::mypy 
[gw1] [ 25%] PASSED enhomie/homie/params/child.py::mypy 
[gw2] [ 25%] PASSED enhomie/homie/params/aspire.py::mypy 
enhomie/builtins/store.py::mypy 
enhomie/homie/params/store.py::mypy 
enhomie/homie/plugins/test/test_occur.py::mypy 
[gw0] [ 26%] PASSED enhomie/builtins/store.py::mypy 
[gw1] [ 26%] PASSED enhomie/homie/params/store.py::mypy 
enhomie/builtins/test/__init__.py::mypy 
enhomie/homie/params/desire.py::mypy 
[gw2] [ 26%] PASSED enhomie/homie/plugins/test/test_occur.py::mypy 
[gw1] [ 27%] PASSED enhomie/homie/params/desire.py::mypy 
enhomie/homie/threads/test/test_stream.py::mypy 
[gw0] [ 27%] PASSED enhomie/builtins/test/__init__.py::mypy 
enhomie/homie/plugins/driver.py::mypy 
[gw2] [ 27%] PASSED enhomie/homie/threads/test/test_stream.py::mypy 
enhomie/builtins/params/period.py::mypy 
enhomie/homie/threads/test/test_thread.py::mypy 
[gw1] [ 27%] PASSED enhomie/homie/plugins/driver.py::mypy 
[gw0] [ 28%] PASSED enhomie/builtins/params/period.py::mypy 
[gw2] [ 28%] PASSED enhomie/homie/threads/test/test_thread.py::mypy 
enhomie/homie/plugins/test/__init__.py::mypy 
enhomie/homie/threads/test/test_update.py::mypy 
enhomie/builtins/regexp.py::mypy 
[gw1] [ 28%] PASSED enhomie/homie/plugins/test/__init__.py::mypy 
[gw2] [ 29%] PASSED enhomie/homie/threads/test/test_update.py::mypy 
[gw0] [ 29%] PASSED enhomie/builtins/regexp.py::mypy 
enhomie/homie/threads/update.py::mypy 
enhomie/homie/params/group.py::mypy 
enhomie/builtins/models.py::mypy 
[gw2] [ 29%] PASSED enhomie/homie/threads/update.py::mypy 
[gw1] [ 30%] PASSED enhomie/homie/params/group.py::mypy 
[gw0] [ 30%] PASSED enhomie/builtins/models.py::mypy 
enhomie/hubitat/__init__.py::mypy 
enhomie/homie/members/updates.py::mypy 
enhomie/builtins/test/test_models.py::mypy 
[gw2] [ 30%] PASSED enhomie/hubitat/__init__.py::mypy 
[gw3] [ 31%] PASSED enhomie/homie/members/test/test_actions.py::mypy 
enhomie/homie/config.py::mypy 
[gw3] [ 31%] PASSED enhomie/homie/config.py::mypy 
[gw0] [ 31%] PASSED enhomie/builtins/test/test_models.py::mypy 
[gw1] [ 32%] PASSED enhomie/homie/members/updates.py::mypy 
enhomie/homie/plugins/test/test_plugin.py::mypy 
enhomie/hubitat/params/__init__.py::mypy 
enhomie/builtins/params/__init__.py::mypy 
enhomie/homie/params/origin.py::mypy 
[gw3] [ 32%] PASSED enhomie/homie/plugins/test/test_plugin.py::mypy 
[gw2] [ 32%] PASSED enhomie/hubitat/params/__init__.py::mypy 
enhomie/homie/plugins/test/test_where.py::mypy 
[gw1] [ 33%] PASSED enhomie/homie/params/origin.py::mypy 
enhomie/homie/threads/thread.py::mypy 
[gw3] [ 33%] PASSED enhomie/homie/plugins/test/test_where.py::mypy 
enhomie/homie/params/occur.py::mypy 
[gw2] [ 33%] PASSED enhomie/homie/threads/thread.py::mypy 
enhomie/homie/service.py::mypy 
[gw1] [ 33%] PASSED enhomie/homie/params/occur.py::mypy 
enhomie/hubitat/models.py::mypy 
[gw3] [ 34%] PASSED enhomie/homie/service.py::mypy 
enhomie/homie/plugins/__init__.py::mypy 
[gw2] [ 34%] PASSED enhomie/hubitat/models.py::mypy 
enhomie/homie/plugins/where.py::mypy 
enhomie/hubitat/action.py::mypy 
[gw1] [ 34%] PASSED enhomie/homie/plugins/__init__.py::mypy 
[gw2] [ 35%] PASSED enhomie/hubitat/action.py::mypy 
[gw3] [ 35%] PASSED enhomie/homie/plugins/where.py::mypy 
enhomie/hubitat/params/origin.py::mypy 
enhomie/hubitat/test/__init__.py::mypy 
enhomie/homie/test/test_config.py::mypy 
[gw2] [ 35%] PASSED enhomie/hubitat/test/__init__.py::mypy 
[gw1] [ 36%] PASSED enhomie/hubitat/params/origin.py::mypy 
enhomie/hubitat/helpers.py::mypy 
[gw3] [ 36%] PASSED enhomie/homie/test/test_config.py::mypy 
enhomie/hubitat/device.py::mypy 
[gw2] [ 36%] PASSED enhomie/hubitat/helpers.py::mypy 
enhomie/homie/test/__init__.py::mypy 
[gw1] [ 37%] PASSED enhomie/hubitat/device.py::mypy 
enhomie/hubitat/test/test_action.py::mypy 
enhomie/hubitat/test/test_device.py::mypy 
[gw3] [ 37%] PASSED enhomie/homie/test/__init__.py::mypy 
enhomie/homie/test/test_homie.py::mypy 
[gw2] [ 37%] PASSED enhomie/hubitat/test/test_action.py::mypy 
[gw3] [ 38%] PASSED enhomie/homie/test/test_homie.py::mypy 
enhomie/hubitat/origin.py::mypy 
enhomie/homie/test/test_models.py::mypy 
[gw2] [ 38%] PASSED enhomie/hubitat/origin.py::mypy 
[gw3] [ 38%] PASSED enhomie/homie/test/test_models.py::mypy 
enhomie/philips/plugins/helpers.py::mypy 
enhomie/homie/test/test_service.py::mypy 
[gw2] [ 38%] PASSED enhomie/philips/plugins/helpers.py::mypy 
[gw0] [ 39%] PASSED enhomie/builtins/params/__init__.py::mypy 
enhomie/builtins/params/store.py::mypy 
[gw3] [ 39%] PASSED enhomie/homie/test/test_service.py::mypy 
enhomie/homie/threads/test/test_action.py::mypy 
enhomie/philips/plugins/test/test_button.py::mypy 
[gw0] [ 39%] PASSED enhomie/builtins/params/store.py::mypy 
[gw3] [ 40%] PASSED enhomie/homie/threads/test/test_action.py::mypy 
[gw2] [ 40%] PASSED enhomie/philips/plugins/test/test_button.py::mypy 
enhomie/homie/threads/stream.py::mypy 
enhomie/builtins/period.py::mypy 
enhomie/philips/models.py::mypy 
[gw3] [ 40%] PASSED enhomie/homie/threads/stream.py::mypy 
[gw2] [ 41%] PASSED enhomie/philips/models.py::mypy 
enhomie/homie/threads/action.py::mypy 
enhomie/philips/params/plugins/__init__.py::mypy 
[gw3] [ 41%] PASSED enhomie/homie/threads/action.py::mypy 
[gw2] [ 41%] PASSED enhomie/philips/params/plugins/__init__.py::mypy 
enhomie/homie/threads/test/__init__.py::mypy 
enhomie/philips/params/plugins/motion.py::mypy 
[gw3] [ 42%] PASSED enhomie/homie/threads/test/__init__.py::mypy 
[gw2] [ 42%] PASSED enhomie/philips/params/plugins/motion.py::mypy 
enhomie/homie/threads/__init__.py::mypy 
enhomie/philips/helpers.py::mypy 
[gw3] [ 42%] PASSED enhomie/homie/threads/__init__.py::mypy 
[gw2] [ 43%] PASSED enhomie/philips/helpers.py::mypy 
enhomie/philips/test/test_action.py::mypy 
enhomie/philips/plugins/test/test_change.py::mypy 
[gw3] [ 43%] PASSED enhomie/philips/test/test_action.py::mypy 
[gw2] [ 43%] PASSED enhomie/philips/plugins/test/test_change.py::mypy 
enhomie/philips/stream.py::mypy 
enhomie/philips/plugins/test/test_contact.py::mypy 
[gw3] [ 44%] PASSED enhomie/philips/stream.py::mypy 
[gw2] [ 44%] PASSED enhomie/philips/plugins/test/test_contact.py::mypy 
enhomie/philips/test/__init__.py::mypy 
[gw1] [ 44%] PASSED enhomie/hubitat/test/test_device.py::mypy 
enhomie/hubitat/test/test_helpers.py::mypy 
enhomie/philips/plugins/test/test_helpers.py::mypy 
[gw3] [ 44%] PASSED enhomie/philips/test/__init__.py::mypy 
[gw2] [ 45%] PASSED enhomie/philips/plugins/test/test_helpers.py::mypy 
enhomie/philips/surgeon.py::mypy 
enhomie/philips/plugins/test/test_motion.py::mypy 
[gw3] [ 45%] PASSED enhomie/philips/surgeon.py::mypy 
enhomie/philips/test/test_device.py::mypy 
[gw3] [ 45%] PASSED enhomie/philips/test/test_device.py::mypy 
enhomie/philips/test/test_helpers.py::mypy 
[gw3] [ 46%] PASSED enhomie/philips/test/test_helpers.py::mypy 
enhomie/philips/test/test_models.py::mypy 
[gw3] [ 46%] PASSED enhomie/philips/test/test_models.py::mypy 
enhomie/philips/test/test_origin.py::mypy 
[gw3] [ 46%] PASSED enhomie/philips/test/test_origin.py::mypy 
enhomie/philips/test/test_stream.py::mypy 
[gw3] [ 47%] PASSED enhomie/philips/test/test_stream.py::mypy 
enhomie/philips/test/test_surgeon.py::mypy 
[gw3] [ 47%] PASSED enhomie/philips/test/test_surgeon.py::mypy 
enhomie/ubiquiti/__init__.py::mypy 
[gw3] [ 47%] PASSED enhomie/ubiquiti/__init__.py::mypy 
enhomie/ubiquiti/params/plugins/__init__.py::mypy 
[gw3] [ 48%] PASSED enhomie/ubiquiti/params/plugins/__init__.py::mypy 
enhomie/ubiquiti/params/origin.py::mypy 
[gw3] [ 48%] PASSED enhomie/ubiquiti/params/origin.py::mypy 
enhomie/ubiquiti/plugins/client.py::mypy 
[gw3] [ 48%] PASSED enhomie/ubiquiti/plugins/client.py::mypy 
enhomie/ubiquiti/params/__init__.py::mypy 
[gw3] [ 49%] PASSED enhomie/ubiquiti/params/__init__.py::mypy 
[gw1] [ 49%] PASSED enhomie/hubitat/test/test_helpers.py::mypy 
enhomie/ubiquiti/params/plugins/client.py::mypy 
enhomie/hubitat/test/test_models.py::mypy 
[gw3] [ 49%] PASSED enhomie/ubiquiti/params/plugins/client.py::mypy 
[gw2] [ 50%] PASSED enhomie/philips/plugins/test/test_motion.py::mypy 
[gw1] [ 50%] PASSED enhomie/hubitat/test/test_models.py::mypy 
enhomie/ubiquiti/plugins/test/test_helpers.py::mypy 
enhomie/hubitat/test/test_origin.py::mypy 
enhomie/philips/plugins/test/test_scene.py::mypy 
[gw1] [ 50%] PASSED enhomie/hubitat/test/test_origin.py::mypy 
[gw3] [ 50%] PASSED enhomie/ubiquiti/plugins/test/test_helpers.py::mypy 
[gw2] [ 51%] PASSED enhomie/philips/plugins/test/test_scene.py::mypy 
enhomie/hubitat/test/test_update.py::mypy 
enhomie/philips/test/test_update.py::mypy 
enhomie/ubiquiti/test/test_device.py::mypy 
[gw1] [ 51%] PASSED enhomie/hubitat/test/test_update.py::mypy 
[gw3] [ 51%] PASSED enhomie/ubiquiti/test/test_device.py::mypy 
[gw2] [ 52%] PASSED enhomie/philips/test/test_update.py::mypy 
enhomie/philips/plugins/scene.py::mypy 
enhomie/philips/update.py::mypy 
[gw0] [ 52%] PASSED enhomie/builtins/period.py::mypy 
enhomie/builtins/test/test_period.py::mypy 
[gw1] [ 52%] PASSED enhomie/philips/plugins/scene.py::mypy 
[gw2] [ 53%] PASSED enhomie/philips/update.py::mypy 
enhomie/ubiquiti/plugins/helpers.py::mypy 
enhomie/philips/params/origin.py::mypy 
enhomie/ubiquiti/test/__init__.py::mypy 
[gw3] [ 53%] PASSED enhomie/ubiquiti/test/__init__.py::mypy 
enhomie/ubiquiti/test/test_models.py::mypy 
[gw3] [ 53%] PASSED enhomie/ubiquiti/test/test_models.py::mypy 
enhomie/ubiquiti/test/test_origin.py::mypy 
[gw1] [ 54%] PASSED enhomie/philips/params/origin.py::mypy 
[gw3] [ 54%] PASSED enhomie/ubiquiti/test/test_origin.py::mypy 
enhomie/philips/params/plugins/change.py::mypy 
enhomie/ubiquiti/test/test_update.py::mypy 
[gw3] [ 54%] PASSED enhomie/ubiquiti/test/test_update.py::mypy 
enhomie/utils/raises.py::mypy 
[gw3] [ 55%] PASSED enhomie/utils/raises.py::mypy 
enhomie/ubiquiti/update.py::mypy 
[gw3] [ 55%] PASSED enhomie/ubiquiti/update.py::mypy 
enhomie/utils/__init__.py::mypy 
[gw3] [ 55%] PASSED enhomie/utils/__init__.py::mypy 
enhomie/utils/child.py::mypy 
[gw3] [ 55%] PASSED enhomie/utils/child.py::mypy 
enhomie/utils/test/__init__.py::mypy 
[gw3] [ 56%] PASSED enhomie/utils/test/__init__.py::mypy 
enhomie/philips/test/test_origin.py::test_PhueOrigin_action 
[gw0] [ 56%] PASSED enhomie/builtins/test/test_period.py::mypy 
enhomie/builtins/test/test_regexp.py::mypy 
[gw2] [ 56%] PASSED enhomie/ubiquiti/plugins/helpers.py::mypy 
enhomie/ubiquiti/plugins/test/test_client.py::mypy 
[gw2] [ 57%] PASSED enhomie/ubiquiti/plugins/test/test_client.py::mypy 
[gw1] [ 57%] PASSED enhomie/philips/params/plugins/change.py::mypy 
enhomie/ubiquiti/device.py::mypy 
enhomie/philips/plugins/button.py::mypy 
[gw1] [ 57%] PASSED enhomie/philips/plugins/button.py::mypy 
[gw2] [ 58%] PASSED enhomie/ubiquiti/device.py::mypy 
enhomie/philips/__init__.py::mypy 
enhomie/ubiquiti/helpers.py::mypy 
[gw1] [ 58%] PASSED enhomie/philips/__init__.py::mypy 
[gw2] [ 58%] PASSED enhomie/ubiquiti/helpers.py::mypy 
enhomie/hubitat/update.py::mypy 
enhomie/ubiquiti/plugins/test/__init__.py::mypy 
[gw1] [ 59%] PASSED enhomie/hubitat/update.py::mypy 
enhomie/utils/test/test_child.py::mypy 
[gw2] [ 59%] PASSED enhomie/ubiquiti/plugins/test/__init__.py::mypy 
[gw1] [ 59%] PASSED enhomie/utils/test/test_child.py::mypy 
enhomie/ubiquiti/models.py::mypy 
enhomie/utils/param.py::mypy 
[gw2] [ 60%] PASSED enhomie/ubiquiti/models.py::mypy 
enhomie/ubiquiti/plugins/__init__.py::mypy 
[gw2] [ 60%] PASSED enhomie/ubiquiti/plugins/__init__.py::mypy 
enhomie/ubiquiti/origin.py::mypy 
[gw2] [ 60%] PASSED enhomie/ubiquiti/origin.py::mypy 
enhomie/homie/childs/test/test_group.py::test_HomieGroup_cover 
[gw0] [ 61%] PASSED enhomie/builtins/test/test_regexp.py::mypy 
enhomie/builtins/test/test_store.py::mypy 
[gw0] [ 61%] PASSED enhomie/builtins/test/test_store.py::mypy 
enhomie/execution/config.py::mypy 
[gw0] [ 61%] PASSED enhomie/execution/config.py::mypy 
enhomie/philips/params/plugins/scene.py::mypy 
[gw0] [ 61%] PASSED enhomie/philips/params/plugins/scene.py::mypy 
enhomie/philips/plugins/__init__.py::mypy 
[gw0] [ 62%] PASSED enhomie/philips/plugins/__init__.py::mypy 
enhomie/philips/params/plugins/button.py::mypy 
[gw0] [ 62%] PASSED enhomie/philips/params/plugins/button.py::mypy 
enhomie/philips/plugins/test/__init__.py::mypy 
[gw0] [ 62%] PASSED enhomie/philips/plugins/test/__init__.py::mypy 
enhomie/philips/plugins/motion.py::mypy 
[gw1] [ 63%] PASSED enhomie/utils/param.py::mypy 
enhomie/utils/test/test_param.py::mypy 
[gw0] [ 63%] PASSED enhomie/philips/plugins/motion.py::mypy 
enhomie/philips/origin.py::mypy 
[gw1] [ 63%] PASSED enhomie/utils/test/test_param.py::mypy 
enhomie/utils/tests.py::mypy 
[gw0] [ 64%] PASSED enhomie/philips/origin.py::mypy 
[gw1] [ 64%] PASSED enhomie/utils/tests.py::mypy 
enhomie/philips/action.py::mypy 
[gw0] [ 64%] PASSED enhomie/philips/action.py::mypy 
enhomie/philips/test/test_origin.py::test_PhueOrigin_update 
enhomie/philips/device.py::mypy 
[gw0] [ 65%] PASSED enhomie/philips/device.py::mypy 
enhomie/philips/params/__init__.py::mypy 
[gw0] [ 65%] PASSED enhomie/philips/params/__init__.py::mypy 
enhomie/philips/params/plugins/contact.py::mypy 
[gw0] [ 65%] PASSED enhomie/philips/params/plugins/contact.py::mypy 
enhomie/philips/plugins/contact.py::mypy 
[gw0] [ 66%] PASSED enhomie/philips/plugins/contact.py::mypy 
enhomie/philips/plugins/change.py::mypy 
[gw0] [ 66%] PASSED enhomie/philips/plugins/change.py::mypy 
enhomie/hubitat/test/test_origin.py::test_HubiOrigin_update 
[gw2] [ 66%] PASSED enhomie/homie/childs/test/test_group.py::test_HomieGroup_cover 
enhomie/homie/childs/test/test_group.py::test_HomieGroup 
[gw0] [ 66%] PASSED enhomie/hubitat/test/test_origin.py::test_HubiOrigin_update 
enhomie/hubitat/test/test_origin.py::test_HubiOrigin 
[gw3] [ 67%] PASSED enhomie/philips/test/test_origin.py::test_PhueOrigin_action 
enhomie/builtins/test/test_regexp.py::test_DriverBltnRegexp 
[gw1] [ 67%] PASSED enhomie/philips/test/test_origin.py::test_PhueOrigin_update 
enhomie/philips/test/test_origin.py::test_PhueOrigin_source 
[gw2] [ 67%] PASSED enhomie/homie/childs/test/test_group.py::test_HomieGroup 
enhomie/execution/test/test_service.py::test_arguments 
[gw2] [ 68%] PASSED enhomie/execution/test/test_service.py::test_arguments 
enhomie/ubiquiti/plugins/test/test_client.py::test_DriverUbiqClient 
[gw0] [ 68%] PASSED enhomie/hubitat/test/test_origin.py::test_HubiOrigin 
enhomie/homie/members/test/test_actions.py::test_HomieActions 
[gw3] [ 68%] PASSED enhomie/builtins/test/test_regexp.py::test_DriverBltnRegexp 
enhomie/homie/addons/test/test_logger.py::test_HomieLogger_cover 
[gw1] [ 69%] PASSED enhomie/philips/test/test_origin.py::test_PhueOrigin_source 
enhomie/philips/test/test_origin.py::test_PhueOrigin 
[gw2] [ 69%] PASSED enhomie/ubiquiti/plugins/test/test_client.py::test_DriverUbiqClient 
enhomie/ubiquiti/plugins/test/test_client.py::test_DriverUbiqClient_cover 
[gw3] [ 69%] PASSED enhomie/homie/addons/test/test_logger.py::test_HomieLogger_cover 
enhomie/homie/addons/test/test_logger.py::test_HomieLogger_message 
[gw0] [ 70%] PASSED enhomie/homie/members/test/test_actions.py::test_HomieActions 
enhomie/philips/test/test_models.py::test_PhueModels_cover 
[gw0] [ 70%] PASSED enhomie/philips/test/test_models.py::test_PhueModels_cover 
enhomie/homie/members/test/test_streams.py::test_HomieStreams 
[gw3] [ 70%] PASSED enhomie/homie/addons/test/test_logger.py::test_HomieLogger_message 
enhomie/homie/addons/test/test_logger.py::test_HomieLogger 
[gw2] [ 71%] PASSED enhomie/ubiquiti/plugins/test/test_client.py::test_DriverUbiqClient_cover 
enhomie/utils/test/test_child.py::test_InvalidChild 
[gw2] [ 71%] PASSED enhomie/utils/test/test_child.py::test_InvalidChild 
enhomie/utils/test/test_child.py::test_InvalidChild_cover 
[gw0] [ 71%] PASSED enhomie/homie/members/test/test_streams.py::test_HomieStreams 
enhomie/homie/test/test_models.py::test_HomieModels_cover 
[gw0] [ 72%] PASSED enhomie/homie/test/test_models.py::test_HomieModels_cover 
enhomie/homie/plugins/test/test_driver.py::test_HomieDriver_cover 
[gw1] [ 72%] PASSED enhomie/philips/test/test_origin.py::test_PhueOrigin 
enhomie/philips/test/test_origin.py::test_PhueOrigin_stream 
[gw3] [ 72%] PASSED enhomie/homie/addons/test/test_logger.py::test_HomieLogger 
enhomie/philips/plugins/test/test_scene.py::test_DriverPhueScene_cover 
[gw2] [ 72%] PASSED enhomie/utils/test/test_child.py::test_InvalidChild_cover 
enhomie/philips/plugins/test/test_contact.py::test_DriverPhueContact 
[gw0] [ 73%] PASSED enhomie/homie/plugins/test/test_driver.py::test_HomieDriver_cover 
enhomie/homie/threads/test/test_update.py::test_HomieUpdateItem 
[gw1] [ 73%] PASSED enhomie/philips/test/test_origin.py::test_PhueOrigin_stream 
enhomie/homie/childs/test/test_scene.py::test_HomieScene 
[gw2] [ 73%] PASSED enhomie/philips/plugins/test/test_contact.py::test_DriverPhueContact 
enhomie/philips/plugins/test/test_contact.py::test_DriverPhueContact_cover 
[gw0] [ 74%] PASSED enhomie/homie/threads/test/test_update.py::test_HomieUpdateItem 
enhomie/homie/threads/test/test_update.py::test_HomieUpdate 
[gw3] [ 74%] PASSED enhomie/philips/plugins/test/test_scene.py::test_DriverPhueScene_cover 
enhomie/philips/plugins/test/test_scene.py::test_DriverPhueScene 
[gw1] [ 74%] PASSED enhomie/homie/childs/test/test_scene.py::test_HomieScene 
enhomie/execution/test/test_persist.py::test_arguments 
[gw1] [ 75%] PASSED enhomie/execution/test/test_persist.py::test_arguments 
enhomie/homie/addons/test/test_desired.py::test_HomieDesired 
[gw0] [ 75%] PASSED enhomie/homie/threads/test/test_update.py::test_HomieUpdate 
enhomie/execution/test/test_dumped.py::test_arguments 
[gw0] [ 75%] PASSED enhomie/execution/test/test_dumped.py::test_arguments 
enhomie/builtins/test/test_models.py::test_BltnModels_cover 
[gw0] [ 76%] PASSED enhomie/builtins/test/test_models.py::test_BltnModels_cover 
enhomie/homie/plugins/test/test_plugin.py::test_HomiePlugin_cover 
[gw2] [ 76%] PASSED enhomie/philips/plugins/test/test_contact.py::test_DriverPhueContact_cover 
enhomie/philips/test/test_helpers.py::test_request_action 
[gw3] [ 76%] PASSED enhomie/philips/plugins/test/test_scene.py::test_DriverPhueScene 
enhomie/homie/addons/test/test_aspired.py::test_HomieAspired_cover 
[gw0] [ 77%] PASSED enhomie/homie/plugins/test/test_plugin.py::test_HomiePlugin_cover 
enhomie/ubiquiti/plugins/test/test_helpers.py::test_ubiq_latest 
[gw3] [ 77%] PASSED enhomie/homie/addons/test/test_aspired.py::test_HomieAspired_cover 
enhomie/hubitat/test/test_device.py::test_HubiDevice 
[gw2] [ 77%] PASSED enhomie/philips/test/test_helpers.py::test_request_action 
enhomie/philips/test/test_surgeon.py::test_surgeon 
[gw0] [ 77%] PASSED enhomie/ubiquiti/plugins/test/test_helpers.py::test_ubiq_latest 
enhomie/homie/childs/test/test_aspire.py::test_HomieAspire_cover 
[gw2] [ 78%] PASSED enhomie/philips/test/test_surgeon.py::test_surgeon 
enhomie/utils/test/test_param.py::test_InvalidParam 
[gw3] [ 78%] PASSED enhomie/hubitat/test/test_device.py::test_HubiDevice 
enhomie/homie/test/test_config.py::test_HomieConfig 
[gw0] [ 78%] PASSED enhomie/homie/childs/test/test_aspire.py::test_HomieAspire_cover 
enhomie/execution/test/test_crypts.py::test_arguments 
[gw0] [ 79%] PASSED enhomie/execution/test/test_crypts.py::test_arguments 
enhomie/homie/plugins/test/test_where.py::test_HomieWhere 
[gw2] [ 79%] PASSED enhomie/utils/test/test_param.py::test_InvalidParam 
enhomie/homie/addons/test/test_aspired.py::test_HomieAspiredItem 
[gw0] [ 79%] PASSED enhomie/homie/plugins/test/test_where.py::test_HomieWhere 
enhomie/homie/test/test_homie.py::test_Homie 
[gw3] [ 80%] PASSED enhomie/homie/test/test_config.py::test_HomieConfig 
enhomie/philips/plugins/test/test_motion.py::test_DriverPhueMotion 
[gw2] [ 80%] PASSED enhomie/homie/addons/test/test_aspired.py::test_HomieAspiredItem 
enhomie/homie/addons/test/test_aspired.py::test_HomieAspired 
[gw1] [ 80%] PASSED enhomie/homie/addons/test/test_desired.py::test_HomieDesired 
enhomie/homie/addons/test/test_desired.py::test_HomieDesired_cover 
[gw0] [ 81%] PASSED enhomie/homie/test/test_homie.py::test_Homie 
enhomie/homie/test/test_homie.py::test_Homie_actions 
[gw3] [ 81%] PASSED enhomie/philips/plugins/test/test_motion.py::test_DriverPhueMotion 
enhomie/philips/plugins/test/test_motion.py::test_DriverPhueMotion_cover 
[gw2] [ 81%] PASSED enhomie/homie/addons/test/test_aspired.py::test_HomieAspired 
enhomie/homie/test/test_homie.py::test_Homie_cover 
[gw2] [ 82%] PASSED enhomie/homie/test/test_homie.py::test_Homie_cover 
enhomie/homie/test/test_homie.py::test_Homie_printer 
[gw0] [ 82%] PASSED enhomie/homie/test/test_homie.py::test_Homie_actions 
enhomie/homie/addons/test/test_persist.py::test_HomiePersist_cover 
[gw3] [ 82%] PASSED enhomie/philips/plugins/test/test_motion.py::test_DriverPhueMotion_cover 
enhomie/homie/childs/test/test_aspire.py::test_HomieAspire 
[gw2] [ 83%] PASSED enhomie/homie/test/test_homie.py::test_Homie_printer 
enhomie/philips/plugins/test/test_button.py::test_DriverPhueButton 
[gw0] [ 83%] PASSED enhomie/homie/addons/test/test_persist.py::test_HomiePersist_cover 
enhomie/homie/addons/test/test_persist.py::test_HomiePersist 
[gw3] [ 83%] PASSED enhomie/homie/childs/test/test_aspire.py::test_HomieAspire 
enhomie/hubitat/test/test_update.py::test_HubiUpdateItem 
[gw2] [ 83%] PASSED enhomie/philips/plugins/test/test_button.py::test_DriverPhueButton 
enhomie/philips/plugins/test/test_button.py::test_DriverPhueButton_cover 
[gw0] [ 84%] PASSED enhomie/homie/addons/test/test_persist.py::test_HomiePersist 
enhomie/homie/childs/test/test_homie.py::test_HomieChilds 
[gw0] [ 84%] PASSED enhomie/homie/childs/test/test_homie.py::test_HomieChilds 
enhomie/hubitat/test/test_helpers.py::test_request_action 
[gw3] [ 84%] PASSED enhomie/hubitat/test/test_update.py::test_HubiUpdateItem 
enhomie/hubitat/test/test_action.py::test_HubiAction_cover 
[gw2] [ 85%] PASSED enhomie/philips/plugins/test/test_button.py::test_DriverPhueButton_cover 
enhomie/homie/threads/test/test_thread.py::test_HomieThread_cover 
[gw0] [ 85%] PASSED enhomie/hubitat/test/test_helpers.py::test_request_action 
enhomie/homie/test/test_service.py::test_HomieService 
[gw3] [ 85%] PASSED enhomie/hubitat/test/test_action.py::test_HubiAction_cover 
enhomie/homie/threads/test/test_stream.py::test_HomieStreamItem 
[gw2] [ 86%] PASSED enhomie/homie/threads/test/test_thread.py::test_HomieThread_cover 
enhomie/homie/test/test_service.py::test_HomieService_cover 
[gw1] [ 86%] PASSED enhomie/homie/addons/test/test_desired.py::test_HomieDesired_cover 
enhomie/homie/addons/test/test_desired.py::test_HomieDesiredItem 
[gw3] [ 86%] PASSED enhomie/homie/threads/test/test_stream.py::test_HomieStreamItem 
enhomie/homie/threads/test/test_stream.py::test_HomieStream 
[gw1] [ 87%] PASSED enhomie/homie/addons/test/test_desired.py::test_HomieDesiredItem 
enhomie/hubitat/test/test_origin.py::test_HubiOrigin_action 
[gw3] [ 87%] PASSED enhomie/homie/threads/test/test_stream.py::test_HomieStream 
enhomie/philips/plugins/test/test_change.py::test_DriverPhueChange_cover 
[gw2] [ 87%] PASSED enhomie/homie/test/test_service.py::test_HomieService_cover 
enhomie/philips/test/test_device.py::test_PhueDevice 
[gw1] [ 88%] PASSED enhomie/hubitat/test/test_origin.py::test_HubiOrigin_action 
enhomie/hubitat/test/test_origin.py::test_HubiOrigin_source 
[gw2] [ 88%] PASSED enhomie/philips/test/test_device.py::test_PhueDevice 
enhomie/philips/plugins/test/test_change.py::test_DriverPhueChange 
[gw3] [ 88%] PASSED enhomie/philips/plugins/test/test_change.py::test_DriverPhueChange_cover 
enhomie/builtins/test/test_store.py::test_DriverBltnStore 
[gw1] [ 88%] PASSED enhomie/hubitat/test/test_origin.py::test_HubiOrigin_source 
enhomie/homie/plugins/test/test_occur.py::test_HomieOccur 
[gw3] [ 89%] PASSED enhomie/builtins/test/test_store.py::test_DriverBltnStore 
enhomie/builtins/test/test_store.py::test_DriverBltnStore_cover 
[gw2] [ 89%] PASSED enhomie/philips/plugins/test/test_change.py::test_DriverPhueChange 
enhomie/homie/childs/test/test_desire.py::test_HomieDesires_cover 
[gw1] [ 89%] PASSED enhomie/homie/plugins/test/test_occur.py::test_HomieOccur 
enhomie/homie/childs/test/test_desire.py::test_HomieDesire 
[gw2] [ 90%] PASSED enhomie/homie/childs/test/test_desire.py::test_HomieDesires_cover 
enhomie/hubitat/test/test_models.py::test_HubiModels_cover 
[gw2] [ 90%] PASSED enhomie/hubitat/test/test_models.py::test_HubiModels_cover 
enhomie/execution/test/test_action.py::test_arguments 
[gw2] [ 90%] PASSED enhomie/execution/test/test_action.py::test_arguments 
enhomie/ubiquiti/test/test_update.py::test_UbiqUpdateItem 
[gw3] [ 91%] PASSED enhomie/builtins/test/test_store.py::test_DriverBltnStore_cover 
enhomie/execution/test/test_config.py::test_arguments 
[gw3] [ 91%] PASSED enhomie/execution/test/test_config.py::test_arguments 
enhomie/philips/test/test_stream.py::test_PhueStream_samples 
[gw1] [ 91%] PASSED enhomie/homie/childs/test/test_desire.py::test_HomieDesire 
enhomie/philips/test/test_stream.py::test_PhueStreamItem 
[gw3] [ 92%] PASSED enhomie/philips/test/test_stream.py::test_PhueStream_samples 
enhomie/execution/test/test_backup.py::test_arguments 
[gw3] [ 92%] PASSED enhomie/execution/test/test_backup.py::test_arguments 
enhomie/homie/threads/test/test_action.py::test_HomieAction 
[gw2] [ 92%] PASSED enhomie/ubiquiti/test/test_update.py::test_UbiqUpdateItem 
enhomie/homie/members/test/test_updates.py::test_HomieUpdates 
[gw1] [ 93%] PASSED enhomie/philips/test/test_stream.py::test_PhueStreamItem 
enhomie/homie/childs/test/test_child.py::test_HomieChild_cover 
[gw3] [ 93%] PASSED enhomie/homie/threads/test/test_action.py::test_HomieAction 
enhomie/homie/threads/test/test_action.py::test_HomieActionItem 
[gw2] [ 93%] PASSED enhomie/homie/members/test/test_updates.py::test_HomieUpdates 
enhomie/ubiquiti/test/test_device.py::test_UbiqDevice 
[gw1] [ 94%] PASSED enhomie/homie/childs/test/test_child.py::test_HomieChild_cover 
enhomie/philips/test/test_action.py::test_PhueAction_cover 
[gw2] [ 94%] PASSED enhomie/ubiquiti/test/test_device.py::test_UbiqDevice 
enhomie/ubiquiti/test/test_models.py::test_UbiqModels_cover 
[gw2] [ 94%] PASSED enhomie/ubiquiti/test/test_models.py::test_UbiqModels_cover 
enhomie/philips/plugins/test/test_helpers.py::test_phue_changed 
[gw3] [ 94%] PASSED enhomie/homie/threads/test/test_action.py::test_HomieActionItem 
enhomie/execution/test/test_desired.py::test_arguments 
[gw1] [ 95%] PASSED enhomie/philips/test/test_action.py::test_PhueAction_cover 
enhomie/philips/plugins/test/test_helpers.py::test_phue_sensors 
[gw3] [ 95%] PASSED enhomie/execution/test/test_desired.py::test_arguments 
enhomie/ubiquiti/test/test_origin.py::test_UbiqOrigin_source 
[gw2] [ 95%] PASSED enhomie/philips/plugins/test/test_helpers.py::test_phue_changed 
enhomie/ubiquiti/test/test_origin.py::test_UbiqOrigin_update 
[gw3] [ 96%] PASSED enhomie/ubiquiti/test/test_origin.py::test_UbiqOrigin_source 
enhomie/homie/members/test/test_member.py::test_HomieMember_cover 
[gw1] [ 96%] PASSED enhomie/philips/plugins/test/test_helpers.py::test_phue_sensors 
enhomie/ubiquiti/test/test_origin.py::test_UbiqOrigin 
[gw2] [ 96%] PASSED enhomie/ubiquiti/test/test_origin.py::test_UbiqOrigin_update 
enhomie/homie/childs/test/test_device.py::test_HomieDevice_cover 
[gw3] [ 97%] PASSED enhomie/homie/members/test/test_member.py::test_HomieMember_cover 
enhomie/philips/test/test_update.py::test_PhueUpdateItem 
[gw1] [ 97%] PASSED enhomie/ubiquiti/test/test_origin.py::test_UbiqOrigin 
enhomie/homie/childs/test/test_origin.py::test_HomieOrigin_cover 
[gw2] [ 97%] PASSED enhomie/homie/childs/test/test_device.py::test_HomieDevice_cover 
enhomie/homie/addons/test/test_queue.py::test_HomieQueueItem 
[gw2] [ 98%] PASSED enhomie/homie/addons/test/test_queue.py::test_HomieQueueItem 
[gw3] [ 98%] PASSED enhomie/philips/test/test_update.py::test_PhueUpdateItem 
enhomie/homie/addons/test/test_queue.py::test_HomieQueue 
[gw1] [ 98%] PASSED enhomie/homie/childs/test/test_origin.py::test_HomieOrigin_cover 
[gw3] [ 99%] PASSED enhomie/homie/addons/test/test_queue.py::test_HomieQueue 
[gw0] [ 99%] PASSED enhomie/homie/test/test_service.py::test_HomieService 
enhomie/homie/test/test_service.py::test_HomieService_dryrun 
[gw0] [ 99%] PASSED enhomie/homie/test/test_service.py::test_HomieService_dryrun 
enhomie/homie/test/test_service.py::test_HomieService_healths 
[gw0] [100%] PASSED enhomie/homie/test/test_service.py::test_HomieService_healths 

=================================== FAILURES ===================================
____________________________ test_DriverBltnPeriod _____________________________
[gw0] linux -- Python 3.12.7 /home/runner/work/enhomie/enhomie/main/.venv-package/bin/python3

homie = <enhomie.homie.homie.Homie object at 0x7feffd1f75f0>
bodies = TestBodies(planets=('jupiter', 'neptune'), moons=(('jupiter', 'ganymede'), ('neptune', 'halimede')))

    def test_DriverBltnPeriod(
        homie: 'Homie',
        bodies: 'TestBodies',
    ) -> None:
        """
        Perform various tests associated with relevant routines.
    
        :param homie: Primary class instance for Homie Automate.
        :param bodies: Locations and groups for use in testing.
        """
    
        childs = homie.childs
        desires = childs.desires
    
    
        planets = bodies.planets
    
        family = 'builtins'
    
        for planet in planets:
    
            desire = desires[
                f'{planet}_active']
    
            driver = (
                desire.wheres[3]
                .drivers[0])
    
            assert isinstance(
                driver, DriverBltnPeriod)
    
    
            attrs = lattrs(driver)
    
            assert attrs == [
                '_HomieDriver__plugin',
                '_HomieDriver__params']
    
    
            assert inrepr(
                'period.DriverBltnPeriod',
                driver)
    
            assert isinstance(
                hash(driver), int)
    
            assert instr(
                'period.DriverBltnPeriod',
                driver)
    
    
            driver.validate()
    
            assert driver.plugin
    
            assert driver.family == family
    
            assert driver.kinds == ['where']
    
            assert driver.params
    
    
            time = Time('05:00')
    
>           assert driver.where(time)
E           AssertionError: assert False
E            +  where False = where(Time('2024-11-06T05:00:00.000000+0000'))
E            +    where where = <enhomie.builtins.period.DriverBltnPeriod object at 0x7feffd075dc0>.where

enhomie/builtins/test/test_period.py:95: AssertionError
_________________________ test_DriverBltnPeriod_cover __________________________
[gw0] linux -- Python 3.12.7 /home/runner/work/enhomie/enhomie/main/.venv-package/bin/python3

tmp_path = PosixPath('/tmp/pytest-of-runner/pytest-0/popen-gw0/test_DriverBltnPeriod_cover0')
respx_mock = <respx.router.MockRouter object at 0x7ff00707e060>

    def test_DriverBltnPeriod_cover(  # noqa: CFQ001
        tmp_path: Path,
        respx_mock: MockRouter,
    ) -> None:
        """
        Perform various tests associated with relevant routines.
    
        :param tmp_path: pytest object for temporal filesystem.
        :param respx_mock: Object for mocking request operation.
        """
    
        samples = (
            tmp_path / 'homie')
    
        samples.mkdir()
    
        save_text(
            samples / 'test.yml',
            """
            desires:
             pytest:
              groups:
              - ganymede
              - halimede
              wheres:
              - builtins_period:
                 start: '00:00'
                 stop: '12:00'
              - builtins_period:
                 start: '12:00'
              - builtins_period:
                 days: Monday
                 start: '00:00'
              - builtins_period:
                 start: '12:00'
                 stop: '17:00'
                 tzname: US/Central
              - builtins_period:
                 start: '00:00'
                 stop: '07:00'
                 tzname: US/Central
              - builtins_period:
                 start: '19:00'
                 tzname: US/Central
            """)  # noqa: LIT003
    
        homie = homie_factory(
            config_factory(tmp_path),
            respx_mock=respx_mock)
    
    
        childs = homie.childs
    
        desire = (
            childs.desires
            ['pytest'])
    
    
        driver = (
            desire.wheres[0]
            .drivers[0])
    
        asserts = [
            (Time('00:00'), True),
            (Time('11:00'), True),
            (Time('13:00'), False),
            (Time('23:00'), False)]
    
        assert all(
            driver.where(x) is y
            for x, y in asserts)
    
    
        driver = (
            desire.wheres[1]
            .drivers[0])
    
        asserts = [
            (Time('00:00'), False),
            (Time('11:00'), False),
            (Time('13:00'), True),
            (Time('23:00'), True)]
    
        assert all(
            driver.where(x) is y
            for x, y in asserts)
    
    
        driver = (
            desire.wheres[2]
            .drivers[0])
    
        assert driver.where(
            Time('Monday 12:00'))
    
        assert not driver.where(
            Time('Friday 12:00'))
    
    
        driver = (
            desire.wheres[3]
            .drivers[0])
    
        asserts = [
            (Time('16:30'), False),
            (Time('19:00'), True),
            (Time('23:30'), False)]
    
        assert all(
            driver.where(x) is y
            for x, y in asserts)
    
    
        driver = (
            desire.wheres[4]
            .drivers[0])
    
        asserts = [
            (Time('04:30'), False),
            (Time('05:30'), True),
            (Time('18:30'), False),
            (Time('23:30'), False)]
    
>       assert all(
            driver.where(x) is y
            for x, y in asserts)
E       assert False
E        +  where False = all(<generator object test_DriverBltnPeriod_cover.<locals>.<genexpr> at 0x7feffd4775a0>)

enhomie/builtins/test/test_period.py:222: AssertionError

---------- coverage: platform linux, python 3.12.7-final-0 -----------
Name                                            Stmts   Miss  Cover
-------------------------------------------------------------------
enhomie/__init__.py                                 6      0   100%
enhomie/builtins/__init__.py                        5      0   100%
enhomie/builtins/models.py                         19      0   100%
enhomie/builtins/params/__init__.py                 4      0   100%
enhomie/builtins/params/period.py                  14      0   100%
enhomie/builtins/params/regexp.py                   7      0   100%
enhomie/builtins/params/store.py                   11      0   100%
enhomie/builtins/period.py                         53      0   100%
enhomie/builtins/regexp.py                         33      0   100%
enhomie/builtins/store.py                          53      0   100%
enhomie/builtins/test/__init__.py                   0      0   100%
enhomie/builtins/test/test_models.py                7      0   100%
enhomie/builtins/test/test_period.py               57      3    95%
enhomie/builtins/test/test_regexp.py               30      0   100%
enhomie/builtins/test/test_store.py                46      0   100%
enhomie/conftest.py                                53      0   100%
enhomie/execution/__init__.py                       0      0   100%
enhomie/execution/action.py                        27      0   100%
enhomie/execution/backup.py                        15      0   100%
enhomie/execution/config.py                        15      0   100%
enhomie/execution/crypts.py                        18      0   100%
enhomie/execution/desired.py                       17      0   100%
enhomie/execution/dumped.py                        16      0   100%
enhomie/execution/persist.py                       17      0   100%
enhomie/execution/service.py                       31      0   100%
enhomie/execution/test/__init__.py                  0      0   100%
enhomie/execution/test/test_action.py               4      0   100%
enhomie/execution/test/test_backup.py               4      0   100%
enhomie/execution/test/test_config.py               4      0   100%
enhomie/execution/test/test_crypts.py               4      0   100%
enhomie/execution/test/test_desired.py              4      0   100%
enhomie/execution/test/test_dumped.py               4      0   100%
enhomie/execution/test/test_persist.py              4      0   100%
enhomie/execution/test/test_service.py              4      0   100%
enhomie/homie/__init__.py                           4      0   100%
enhomie/homie/addons/__init__.py                   11      0   100%
enhomie/homie/addons/aspired.py                    79      0   100%
enhomie/homie/addons/desired.py                   130      0   100%
enhomie/homie/addons/logger.py                     72      0   100%
enhomie/homie/addons/persist.py                    93      0   100%
enhomie/homie/addons/queue.py                      34      0   100%
enhomie/homie/addons/test/__init__.py               0      0   100%
enhomie/homie/addons/test/test_aspired.py          74      0   100%
enhomie/homie/addons/test/test_desired.py          62      0   100%
enhomie/homie/addons/test/test_logger.py           43      0   100%
enhomie/homie/addons/test/test_persist.py          40      0   100%
enhomie/homie/addons/test/test_queue.py            27      0   100%
enhomie/homie/childs/__init__.py                    9      0   100%
enhomie/homie/childs/aspire.py                    119      0   100%
enhomie/homie/childs/child.py                      38      0   100%
enhomie/homie/childs/desire.py                    135      0   100%
enhomie/homie/childs/device.py                     54      0   100%
enhomie/homie/childs/group.py                      62      0   100%
enhomie/homie/childs/helpers.py                    36      0   100%
enhomie/homie/childs/homie.py                     208      0   100%
enhomie/homie/childs/origin.py                     50      0   100%
enhomie/homie/childs/scene.py                      56      0   100%
enhomie/homie/childs/test/__init__.py               0      0   100%
enhomie/homie/childs/test/test_aspire.py           49      0   100%
enhomie/homie/childs/test/test_child.py             8      0   100%
enhomie/homie/childs/test/test_desire.py           44      0   100%
enhomie/homie/childs/test/test_device.py            2      0   100%
enhomie/homie/childs/test/test_group.py            41      0   100%
enhomie/homie/childs/test/test_homie.py            18      0   100%
enhomie/homie/childs/test/test_origin.py            2      0   100%
enhomie/homie/childs/test/test_scene.py            34      0   100%
enhomie/homie/common.py                            22      0   100%
enhomie/homie/config.py                           102      0   100%
enhomie/homie/homie.py                            159      0   100%
enhomie/homie/members/__init__.py                   5      0   100%
enhomie/homie/members/actions.py                   90      0   100%
enhomie/homie/members/member.py                   133      0   100%
enhomie/homie/members/streams.py                   12      0   100%
enhomie/homie/members/test/__init__.py              0      0   100%
enhomie/homie/members/test/test_actions.py         20      0   100%
enhomie/homie/members/test/test_member.py           2      0   100%
enhomie/homie/members/test/test_streams.py         20      0   100%
enhomie/homie/members/test/test_updates.py         20      0   100%
enhomie/homie/members/updates.py                   33      0   100%
enhomie/homie/models.py                           103      0   100%
enhomie/homie/params/__init__.py                   16      0   100%
enhomie/homie/params/aspire.py                     18      0   100%
enhomie/homie/params/child.py                       5      0   100%
enhomie/homie/params/common.py                      2      0   100%
enhomie/homie/params/desire.py                     18      0   100%
enhomie/homie/params/device.py                      8      0   100%
enhomie/homie/params/group.py                       9      0   100%
enhomie/homie/params/homie.py                      32      0   100%
enhomie/homie/params/occur.py                      15      0   100%
enhomie/homie/params/origin.py                     13      0   100%
enhomie/homie/params/plugin.py                      2      0   100%
enhomie/homie/params/scene.py                       9      0   100%
enhomie/homie/params/service.py                    14      0   100%
enhomie/homie/params/stage.py                       9      0   100%
enhomie/homie/params/store.py                      11      0   100%
enhomie/homie/params/where.py                      15      0   100%
enhomie/homie/plugins/__init__.py                   6      0   100%
enhomie/homie/plugins/common.py                     2      0   100%
enhomie/homie/plugins/driver.py                    24      0   100%
enhomie/homie/plugins/occur.py                     42      0   100%
enhomie/homie/plugins/plugin.py                    44      0   100%
enhomie/homie/plugins/test/__init__.py              0      0   100%
enhomie/homie/plugins/test/test_driver.py           2      0   100%
enhomie/homie/plugins/test/test_occur.py           23      0   100%
enhomie/homie/plugins/test/test_plugin.py           2      0   100%
enhomie/homie/plugins/test/test_where.py           23      0   100%
enhomie/homie/plugins/where.py                     41      0   100%
enhomie/homie/service.py                          196      0   100%
enhomie/homie/test/__init__.py                      2      0   100%
enhomie/homie/test/test_config.py                  20      0   100%
enhomie/homie/test/test_homie.py                   65      0   100%
enhomie/homie/test/test_models.py                  28      0   100%
enhomie/homie/test/test_service.py                 80      0   100%
enhomie/homie/threads/__init__.py                  12      0   100%
enhomie/homie/threads/action.py                    48      0   100%
enhomie/homie/threads/stream.py                    19      0   100%
enhomie/homie/threads/test/__init__.py              0      0   100%
enhomie/homie/threads/test/test_action.py          62      0   100%
enhomie/homie/threads/test/test_stream.py          46      0   100%
enhomie/homie/threads/test/test_thread.py          19      0   100%
enhomie/homie/threads/test/test_update.py          44      0   100%
enhomie/homie/threads/thread.py                   123      0   100%
enhomie/homie/threads/update.py                    59      0   100%
enhomie/hubitat/__init__.py                         6      0   100%
enhomie/hubitat/action.py                          31      0   100%
enhomie/hubitat/device.py                           6      0   100%
enhomie/hubitat/helpers.py                        167      0   100%
enhomie/hubitat/models.py                          15      0   100%
enhomie/hubitat/origin.py                         116      0   100%
enhomie/hubitat/params/__init__.py                  2      0   100%
enhomie/hubitat/params/origin.py                    9      0   100%
enhomie/hubitat/test/__init__.py                   18      0   100%
enhomie/hubitat/test/test_action.py                20      0   100%
enhomie/hubitat/test/test_device.py                25      0   100%
enhomie/hubitat/test/test_helpers.py               34      0   100%
enhomie/hubitat/test/test_models.py                 6      0   100%
enhomie/hubitat/test/test_origin.py                96      0   100%
enhomie/hubitat/test/test_update.py                14      0   100%
enhomie/hubitat/update.py                          14      0   100%
enhomie/philips/__init__.py                        12      0   100%
enhomie/philips/action.py                          35      0   100%
enhomie/philips/device.py                           6      0   100%
enhomie/philips/helpers.py                        205      0   100%
enhomie/philips/models.py                          43      0   100%
enhomie/philips/origin.py                         129      0   100%
enhomie/philips/params/__init__.py                  7      0   100%
enhomie/philips/params/origin.py                    9      0   100%
enhomie/philips/params/plugins/__init__.py          6      0   100%
enhomie/philips/params/plugins/button.py           11      0   100%
enhomie/philips/params/plugins/change.py           10      0   100%
enhomie/philips/params/plugins/contact.py           9      0   100%
enhomie/philips/params/plugins/motion.py            9      0   100%
enhomie/philips/params/plugins/scene.py            10      0   100%
enhomie/philips/plugins/__init__.py                 6      0   100%
enhomie/philips/plugins/button.py                  65      0   100%
enhomie/philips/plugins/change.py                  66      0   100%
enhomie/philips/plugins/contact.py                 62      0   100%
enhomie/philips/plugins/helpers.py                 40      0   100%
enhomie/philips/plugins/motion.py                  68      0   100%
enhomie/philips/plugins/scene.py                   67      0   100%
enhomie/philips/plugins/test/__init__.py            0      0   100%
enhomie/philips/plugins/test/test_button.py        66      0   100%
enhomie/philips/plugins/test/test_change.py        44      0   100%
enhomie/philips/plugins/test/test_contact.py       66      0   100%
enhomie/philips/plugins/test/test_helpers.py       34      0   100%
enhomie/philips/plugins/test/test_motion.py        66      0   100%
enhomie/philips/plugins/test/test_scene.py         66      0   100%
enhomie/philips/stream.py                          30      0   100%
enhomie/philips/surgeon.py                         81      0   100%
enhomie/philips/test/__init__.py                   28      0   100%
enhomie/philips/test/test_action.py                29      0   100%
enhomie/philips/test/test_device.py                25      0   100%
enhomie/philips/test/test_helpers.py               54      0   100%
enhomie/philips/test/test_models.py                12      0   100%
enhomie/philips/test/test_origin.py               130      0   100%
enhomie/philips/test/test_stream.py                46      0   100%
enhomie/philips/test/test_surgeon.py               32      0   100%
enhomie/philips/test/test_update.py                14      0   100%
enhomie/philips/update.py                          14      0   100%
enhomie/ubiquiti/__init__.py                        6      0   100%
enhomie/ubiquiti/device.py                          6      0   100%
enhomie/ubiquiti/helpers.py                        71      0   100%
enhomie/ubiquiti/models.py                         19      0   100%
enhomie/ubiquiti/origin.py                         92      0   100%
enhomie/ubiquiti/params/__init__.py                 3      0   100%
enhomie/ubiquiti/params/origin.py                   9      0   100%
enhomie/ubiquiti/params/plugins/__init__.py         2      0   100%
enhomie/ubiquiti/params/plugins/client.py           7      0   100%
enhomie/ubiquiti/plugins/__init__.py                2      0   100%
enhomie/ubiquiti/plugins/client.py                 55      0   100%
enhomie/ubiquiti/plugins/helpers.py                11      0   100%
enhomie/ubiquiti/plugins/test/__init__.py           0      0   100%
enhomie/ubiquiti/plugins/test/test_client.py       44      0   100%
enhomie/ubiquiti/plugins/test/test_helpers.py      16      0   100%
enhomie/ubiquiti/test/__init__.py                  21      0   100%
enhomie/ubiquiti/test/test_device.py               25      0   100%
enhomie/ubiquiti/test/test_models.py                7      0   100%
enhomie/ubiquiti/test/test_origin.py               75      0   100%
enhomie/ubiquiti/test/test_update.py               14      0   100%
enhomie/ubiquiti/update.py                         14      0   100%
enhomie/utils/__init__.py                           8      0   100%
enhomie/utils/child.py                             18      0   100%
enhomie/utils/param.py                             29      0   100%
enhomie/utils/raises.py                             3      0   100%
enhomie/utils/test/__init__.py                      0      0   100%
enhomie/utils/test/test_child.py                   20      0   100%
enhomie/utils/test/test_param.py                   16      0   100%
enhomie/utils/tests.py                             22      0   100%
-------------------------------------------------------------------
TOTAL                                            7075      3    99%

===================================== mypy =====================================
Success: no issues found in 208 source files
=========================== short test summary info ============================
FAILED enhomie/builtins/test/test_period.py::test_DriverBltnPeriod - AssertionError: assert False
 +  where False = where(Time('2024-11-06T05:00:00.000000+0000'))
 +    where where = <enhomie.builtins.period.DriverBltnPeriod object at 0x7feffd075dc0>.where
FAILED enhomie/builtins/test/test_period.py::test_DriverBltnPeriod_cover - assert False
 +  where False = all(<generator object test_DriverBltnPeriod_cover.<locals>.<genexpr> at 0x7feffd4775a0>)
=================== 2 failed, 316 passed in 66.20s (0:01:06) ===================
